<?xml version="1.0" encoding="UTF-8"?>
<!-- Generated by org.testng.reporters.JUnitReportReporter -->
<testsuite hostname="DESKTOP-8PB9TF0" failures="0" tests="1" name="tutorialsninja.TC_RF_001" time="4.341" errors="0" timestamp="2025-06-01T03:06:26 GMT-07:00" skipped="0">
  <testcase classname="tutorialsninja.TC_RF_001" name="registerPage" time="4.341"/>
</testsuite> <!-- tutorialsninja.TC_RF_001 -->
